<?xml version="1.0" encoding="UTF-8"?>
<!-- Generated by org.testng.reporters.JUnitReportReporter -->
<testsuite hostname="SAURABH" failures="0" tests="1" name="ScratchAPISK07.ScratchAPISK07.AppTest" time="0.008" errors="0" timestamp="2025-07-28T20:37:17 IST" skipped="0">
  <testcase classname="ScratchAPISK07.ScratchAPISK07.AppTest" name="shouldAnswerWithTrue" time="0.008"/>
  <system-out/>
</testsuite> <!-- ScratchAPISK07.ScratchAPISK07.AppTest -->
